# JRE version: Java(TM) SE Runtime Environment (7.0_80-b15) (build 1.7.0_80-b15)
# Java VM: Java HotSpot(TM) 64-Bit Server VM (24.80-b11 mixed mode linux-amd64 compressed oops)
Heap
 par new generation   total 230400K, used 50440K [0x00000000bb400000, 0x00000000cae00000, 0x00000000cae00000)
  eden space 204800K,  17% used [0x00000000bb400000, 0x00000000bd7d9118, 0x00000000c7c00000)
  from space 25600K,  53% used [0x00000000c7c00000, 0x00000000c89691a0, 0x00000000c9500000)
  to   space 25600K,   0% used [0x00000000c9500000, 0x00000000c9500000, 0x00000000cae00000)
 concurrent mark-sweep generation total 512000K, used 272403K [0x00000000cae00000, 0x00000000ea200000, 0x00000000ea200000)
 concurrent-mark-sweep perm gen total 332824K, used 201588K [0x00000000ea200000, 0x00000000fe706000, 0x0000000100000000)
GC Heap History (10 events):
Event: 23263,339 GC heap before
{Heap before GC invocations=559 (full 17):
 par new generation   total 230400K, used 216341K [0x00000000bb400000, 0x00000000cae00000, 0x00000000cae00000)
  eden space 204800K, 100% used [0x00000000bb400000, 0x00000000c7c00000, 0x00000000c7c00000)
  from space 25600K,  45% used [0x00000000c9500000, 0x00000000ca045600, 0x00000000cae00000)
  to   space 25600K,   0% used [0x00000000c7c00000, 0x00000000c7c00000, 0x00000000c9500000)
 concurrent mark-sweep generation total 512000K, used 267082K [0x00000000cae00000, 0x00000000ea200000, 0x00000000ea200000)
 concurrent-mark-sweep perm gen total 332824K, used 201551K [0x00000000ea200000, 0x00000000fe706000, 0x0000000100000000)
Event: 23263,363 GC heap after
Heap after GC invocations=560 (full 17):
 par new generation   total 230400K, used 19014K [0x00000000bb400000, 0x00000000cae00000, 0x00000000cae00000)
  eden space 204800K,   0% used [0x00000000bb400000, 0x00000000bb400000, 0x00000000c7c00000)
  from space 25600K,  74% used [0x00000000c7c00000, 0x00000000c8e91b78, 0x00000000c9500000)
  to   space 25600K,   0% used [0x00000000c9500000, 0x00000000c9500000, 0x00000000cae00000)
 concurrent mark-sweep generation total 512000K, used 267193K [0x00000000cae00000, 0x00000000ea200000, 0x00000000ea200000)
 concurrent-mark-sweep perm gen total 332824K, used 201551K [0x00000000ea200000, 0x00000000fe706000, 0x0000000100000000)
}
Event: 23266,299 GC heap before
{Heap before GC invocations=560 (full 17):
 par new generation   total 230400K, used 223814K [0x00000000bb400000, 0x00000000cae00000, 0x00000000cae00000)
  eden space 204800K, 100% used [0x00000000bb400000, 0x00000000c7c00000, 0x00000000c7c00000)
  from space 25600K,  74% used [0x00000000c7c00000, 0x00000000c8e91b78, 0x00000000c9500000)
  to   space 25600K,   0% used [0x00000000c9500000, 0x00000000c9500000, 0x00000000cae00000)
 concurrent mark-sweep generation total 512000K, used 267193K [0x00000000cae00000, 0x00000000ea200000, 0x00000000ea200000)
 concurrent-mark-sweep perm gen total 332824K, used 201563K [0x00000000ea200000, 0x00000000fe706000, 0x0000000100000000)
Event: 23266,350 GC heap after
Heap after GC invocations=561 (full 17):
 par new generation   total 230400K, used 16231K [0x00000000bb400000, 0x00000000cae00000, 0x00000000cae00000)
  eden space 204800K,   0% used [0x00000000bb400000, 0x00000000bb400000, 0x00000000c7c00000)
  from space 25600K,  63% used [0x00000000c9500000, 0x00000000ca4d9cd8, 0x00000000cae00000)
  to   space 25600K,   0% used [0x00000000c7c00000, 0x00000000c7c00000, 0x00000000c9500000)
 concurrent mark-sweep generation total 512000K, used 269921K [0x00000000cae00000, 0x00000000ea200000, 0x00000000ea200000)
 concurrent-mark-sweep perm gen total 332824K, used 201563K [0x00000000ea200000, 0x00000000fe706000, 0x0000000100000000)
}
Event: 23268,415 GC heap before
{Heap before GC invocations=561 (full 17):
 par new generation   total 230400K, used 221031K [0x00000000bb400000, 0x00000000cae00000, 0x00000000cae00000)
  eden space 204800K, 100% used [0x00000000bb400000, 0x00000000c7c00000, 0x00000000c7c00000)
  from space 25600K,  63% used [0x00000000c9500000, 0x00000000ca4d9cd8, 0x00000000cae00000)
  to   space 25600K,   0% used [0x00000000c7c00000, 0x00000000c7c00000, 0x00000000c9500000)
 concurrent mark-sweep generation total 512000K, used 269921K [0x00000000cae00000, 0x00000000ea200000, 0x00000000ea200000)
 concurrent-mark-sweep perm gen total 332824K, used 201566K [0x00000000ea200000, 0x00000000fe706000, 0x0000000100000000)
Event: 23268,438 GC heap after
Heap after GC invocations=562 (full 17):
 par new generation   total 230400K, used 14419K [0x00000000bb400000, 0x00000000cae00000, 0x00000000cae00000)
  eden space 204800K,   0% used [0x00000000bb400000, 0x00000000bb400000, 0x00000000c7c00000)
  from space 25600K,  56% used [0x00000000c7c00000, 0x00000000c8a14e90, 0x00000000c9500000)
  to   space 25600K,   0% used [0x00000000c9500000, 0x00000000c9500000, 0x00000000cae00000)
 concurrent mark-sweep generation total 512000K, used 269921K [0x00000000cae00000, 0x00000000ea200000, 0x00000000ea200000)
 concurrent-mark-sweep perm gen total 332824K, used 201566K [0x00000000ea200000, 0x00000000fe706000, 0x0000000100000000)
}
Event: 23278,074 GC heap before
{Heap before GC invocations=562 (full 17):
 par new generation   total 230400K, used 219219K [0x00000000bb400000, 0x00000000cae00000, 0x00000000cae00000)
  eden space 204800K, 100% used [0x00000000bb400000, 0x00000000c7c00000, 0x00000000c7c00000)
  from space 25600K,  56% used [0x00000000c7c00000, 0x00000000c8a14e90, 0x00000000c9500000)
  to   space 25600K,   0% used [0x00000000c9500000, 0x00000000c9500000, 0x00000000cae00000)
 concurrent mark-sweep generation total 512000K, used 269921K [0x00000000cae00000, 0x00000000ea200000, 0x00000000ea200000)
 concurrent-mark-sweep perm gen total 332824K, used 201577K [0x00000000ea200000, 0x00000000fe706000, 0x0000000100000000)
Event: 23278,101 GC heap after
Heap after GC invocations=563 (full 17):
 par new generation   total 230400K, used 22207K [0x00000000bb400000, 0x00000000cae00000, 0x00000000cae00000)
  eden space 204800K,   0% used [0x00000000bb400000, 0x00000000bb400000, 0x00000000c7c00000)
  from space 25600K,  86% used [0x00000000c9500000, 0x00000000caaafe10, 0x00000000cae00000)
  to   space 25600K,   0% used [0x00000000c7c00000, 0x00000000c7c00000, 0x00000000c9500000)
 concurrent mark-sweep generation total 512000K, used 269921K [0x00000000cae00000, 0x00000000ea200000, 0x00000000ea200000)
 concurrent-mark-sweep perm gen total 332824K, used 201577K [0x00000000ea200000, 0x00000000fe706000, 0x0000000100000000)
}
Event: 23282,605 GC heap before
{Heap before GC invocations=563 (full 17):
 par new generation   total 230400K, used 227007K [0x00000000bb400000, 0x00000000cae00000, 0x00000000cae00000)
  eden space 204800K, 100% used [0x00000000bb400000, 0x00000000c7c00000, 0x00000000c7c00000)
  from space 25600K,  86% used [0x00000000c9500000, 0x00000000caaafe10, 0x00000000cae00000)
  to   space 25600K,   0% used [0x00000000c7c00000, 0x00000000c7c00000, 0x00000000c9500000)
 concurrent mark-sweep generation total 512000K, used 269921K [0x00000000cae00000, 0x00000000ea200000, 0x00000000ea200000)
 concurrent-mark-sweep perm gen total 332824K, used 201588K [0x00000000ea200000, 0x00000000fe706000, 0x0000000100000000)
Event: 23282,629 GC heap after
Heap after GC invocations=564 (full 17):
 par new generation   total 230400K, used 13732K [0x00000000bb400000, 0x00000000cae00000, 0x00000000cae00000)
  eden space 204800K,   0% used [0x00000000bb400000, 0x00000000bb400000, 0x00000000c7c00000)
  from space 25600K,  53% used [0x00000000c7c00000, 0x00000000c89691a0, 0x00000000c9500000)
  to   space 25600K,   0% used [0x00000000c9500000, 0x00000000c9500000, 0x00000000cae00000)
 concurrent mark-sweep generation total 512000K, used 272403K [0x00000000cae00000, 0x00000000ea200000, 0x00000000ea200000)
 concurrent-mark-sweep perm gen total 332824K, used 201588K [0x00000000ea200000, 0x00000000fe706000, 0x0000000100000000)
}

